Сборка начата 15.05.2023 20:37:44.
Уровень детализации журнала: Normal.     1>Проект "D:\2 семестр\алгоритмы и структуры данных\лаба 6\лаба 6\лаба 6\лаба 6.vcxproj" в узле 2 (целевые объекты Build).
     1>InitializeBuildStatus:
         Создание "x64\Debug\лаба 6.tlog\unsuccessfulbuild", так как было задано "AlwaysCreate".
       ClCompile:
         D:\Professional\VC\Tools\MSVC\14.33.31629\bin\HostX64\x64\CL.exe /c /ZI /JMC /nologo /W3 /WX- /diagnostics:column /sdl /Od /D _DEBUG /D _CONSOLE /D _UNICODE /D UNICODE /Gm- /EHsc /RTC1 /MDd /GS /fp:precise /Zc:wchar_t /Zc:forScope /Zc:inline /permissive- /Fo"x64\Debug\\" /Fd"x64\Debug\vc143.pdb" /external:W3 /Gd /TP /FC /errorReport:prompt "лаба 6.cpp"
         лаба 6.cpp
     1>D:\2 семестр\алгоритмы и структуры данных\лаба 6\лаба 6\лаба 6\лаба 6.cpp(7,1): warning C4005: INT_MAX: изменение макроопределения
       D:\Professional\VC\Tools\MSVC\14.33.31629\include\limits.h(36): message : см. предыдущее определение "INT_MAX"
     1>D:\2 семестр\алгоритмы и структуры данных\лаба 6\лаба 6\лаба 6\лаба 6.cpp(129,1): warning C4326: возвращаемый тип "main" должен быть "int", а не "void"
     1>D:\2 семестр\алгоритмы и структуры данных\лаба 6\лаба 6\лаба 6\лаба 6.cpp(159,10): warning C4804: <: небезопасное использование типа "bool" в операции
       Link:
         D:\Professional\VC\Tools\MSVC\14.33.31629\bin\HostX64\x64\link.exe /ERRORREPORT:PROMPT /OUT:"D:\2 семестр\алгоритмы и структуры данных\лаба 6\лаба 6\x64\Debug\лаба 6.exe" /INCREMENTAL /ILK:"x64\Debug\лаба 6.ilk" /NOLOGO kernel32.lib user32.lib gdi32.lib winspool.lib comdlg32.lib advapi32.lib shell32.lib ole32.lib oleaut32.lib uuid.lib odbc32.lib odbccp32.lib /MANIFEST /MANIFESTUAC:"level='asInvoker' uiAccess='false'" /manifest:embed /DEBUG /PDB:"D:\2 семестр\алгоритмы и структуры данных\лаба 6\лаба 6\x64\Debug\лаба 6.pdb" /SUBSYSTEM:CONSOLE /TLBID:1 /DYNAMICBASE /NXCOMPAT /IMPLIB:"D:\2 семестр\алгоритмы и структуры данных\лаба 6\лаба 6\x64\Debug\лаба 6.lib" /MACHINE:X64 "x64\Debug\лаба 6.obj"
         лаба 6.vcxproj -> D:\2 семестр\алгоритмы и структуры данных\лаба 6\лаба 6\x64\Debug\лаба 6.exe
       FinalizeBuildStatus:
         Файл "x64\Debug\лаба 6.tlog\unsuccessfulbuild" удаляется.
         Обращение к "x64\Debug\лаба 6.tlog\лаба 6.lastbuildstate".
     1>Сборка проекта "D:\2 семестр\алгоритмы и структуры данных\лаба 6\лаба 6\лаба 6\лаба 6.vcxproj" завершена (целевые объекты Build).

Сборка успешно завершена.

       "D:\2 семестр\алгоритмы и структуры данных\лаба 6\лаба 6\лаба 6\лаба 6.vcxproj" (целевой объект Build ) (1) ->
       (Целевой объект ClCompile) -> 
         D:\2 семестр\алгоритмы и структуры данных\лаба 6\лаба 6\лаба 6\лаба 6.cpp(7,1): warning C4005: INT_MAX: изменение макроопределения
         D:\2 семестр\алгоритмы и структуры данных\лаба 6\лаба 6\лаба 6\лаба 6.cpp(129,1): warning C4326: возвращаемый тип "main" должен быть "int", а не "void"
         D:\2 семестр\алгоритмы и структуры данных\лаба 6\лаба 6\лаба 6\лаба 6.cpp(159,10): warning C4804: <: небезопасное использование типа "bool" в операции

    Предупреждений: 3
    Ошибок: 0

Прошло времени 00:00:01.44
