Сборка начата 27.04.2023 21:12:27.
Уровень детализации журнала: Normal.     1>Проект "D:\2 семестр\оаип\14 лаба\SE_Lab07\SE_Lab07\SE_Lab07.vcxproj" в узле 2 (целевые объекты Build).
     1>PrepareForBuild:
         Создание каталога "D:\2 семестр\оаип\14 лаба\SE_Lab07\x64\Debug\".
         Создание каталога "x64\Debug\SE_Lab07.tlog\".
       InitializeBuildStatus:
         Создание "x64\Debug\SE_Lab07.tlog\unsuccessfulbuild", так как было задано "AlwaysCreate".
       ClCompile:
         D:\Professional\VC\Tools\MSVC\14.33.31629\bin\HostX64\x64\CL.exe /c /ZI /JMC /nologo /W3 /WX- /diagnostics:column /sdl /Od /D _DEBUG /D _CONSOLE /D _UNICODE /D UNICODE /Gm- /EHsc /RTC1 /MDd /GS /fp:precise /Zc:wchar_t /Zc:forScope /Zc:inline /permissive- /Fo"x64\Debug\\" /Fd"x64\Debug\vc143.pdb" /external:W3 /Gd /TP /FC /errorReport:prompt Call.cpp SE_Lab07.cpp
         Call.cpp
         SE_Lab07.cpp
     1>D:\2 семестр\оаип\14 лаба\SE_Lab07\SE_Lab07\SE_Lab07.cpp(7,1): warning C4326: возвращаемый тип "main" должен быть "int", а не "void"
         Создание кода...
       Link:
         D:\Professional\VC\Tools\MSVC\14.33.31629\bin\HostX64\x64\link.exe /ERRORREPORT:PROMPT /OUT:"D:\2 семестр\оаип\14 лаба\SE_Lab07\x64\Debug\SE_Lab07.exe" /INCREMENTAL /ILK:"x64\Debug\SE_Lab07.ilk" /NOLOGO kernel32.lib user32.lib gdi32.lib winspool.lib comdlg32.lib advapi32.lib shell32.lib ole32.lib oleaut32.lib uuid.lib odbc32.lib odbccp32.lib /MANIFEST /MANIFESTUAC:"level='asInvoker' uiAccess='false'" /manifest:embed /DEBUG /PDB:"D:\2 семестр\оаип\14 лаба\SE_Lab07\x64\Debug\SE_Lab07.pdb" /SUBSYSTEM:CONSOLE /TLBID:1 /DYNAMICBASE /NXCOMPAT /IMPLIB:"D:\2 семестр\оаип\14 лаба\SE_Lab07\x64\Debug\SE_Lab07.lib" /MACHINE:X64 x64\Debug\Call.obj
         x64\Debug\SE_Lab07.obj
         SE_Lab07.vcxproj -> D:\2 семестр\оаип\14 лаба\SE_Lab07\x64\Debug\SE_Lab07.exe
       FinalizeBuildStatus:
         Файл "x64\Debug\SE_Lab07.tlog\unsuccessfulbuild" удаляется.
         Обращение к "x64\Debug\SE_Lab07.tlog\SE_Lab07.lastbuildstate".
     1>Сборка проекта "D:\2 семестр\оаип\14 лаба\SE_Lab07\SE_Lab07\SE_Lab07.vcxproj" завершена (целевые объекты Build).

Сборка успешно завершена.

       "D:\2 семестр\оаип\14 лаба\SE_Lab07\SE_Lab07\SE_Lab07.vcxproj" (целевой объект Build ) (1) ->
       (Целевой объект ClCompile) -> 
         D:\2 семестр\оаип\14 лаба\SE_Lab07\SE_Lab07\SE_Lab07.cpp(7,1): warning C4326: возвращаемый тип "main" должен быть "int", а не "void"

    Предупреждений: 1
    Ошибок: 0

Прошло времени 00:00:03.96
