Сборка начата 18.05.2023 22:52:02.
Уровень детализации журнала: Normal.     1>Проект "D:\2 семестр\конструирование программного обеспечения\SE_lab10\SE_lab10\SE_lab10.vcxproj" в узле 2 (целевые объекты Build).
     1>InitializeBuildStatus:
         Создание "x64\Debug\SE_lab10.tlog\unsuccessfulbuild", так как было задано "AlwaysCreate".
       ClCompile:
         D:\Professional\VC\Tools\MSVC\14.33.31629\bin\HostX64\x64\CL.exe /c /ZI /JMC /nologo /W3 /WX- /diagnostics:column /sdl /Od /D _DEBUG /D _CONSOLE /D _UNICODE /D UNICODE /Gm- /EHsc /RTC1 /MDd /GS /fp:precise /Zc:wchar_t /Zc:forScope /Zc:inline /permissive- /Fo"x64\Debug\\" /Fd"x64\Debug\vc143.pdb" /external:W3 /Gd /TP /FC /errorReport:prompt SE_lab10.cpp
         SE_lab10.cpp
     1>D:\2 семестр\конструирование программного обеспечения\SE_lab10\SE_lab10\SE_lab10.cpp(7,1): warning C4326: возвращаемый тип "main" должен быть "int", а не "void"
     1>D:\2 семестр\конструирование программного обеспечения\SE_lab10\SE_lab10\SE_lab10.cpp(12,17): warning C4244: инициализация: преобразование "__int64" в "int", возможна потеря данных
     1>D:\2 семестр\конструирование программного обеспечения\SE_lab10\SE_lab10\SE_lab10.cpp(16,17): warning C4244: инициализация: преобразование "__int64" в "int", возможна потеря данных
       Link:
         D:\Professional\VC\Tools\MSVC\14.33.31629\bin\HostX64\x64\link.exe /ERRORREPORT:PROMPT /OUT:"D:\2 семестр\конструирование программного обеспечения\SE_lab10\x64\Debug\SE_lab10.exe" /INCREMENTAL /ILK:"x64\Debug\SE_lab10.ilk" /NOLOGO kernel32.lib user32.lib gdi32.lib winspool.lib comdlg32.lib advapi32.lib shell32.lib ole32.lib oleaut32.lib uuid.lib odbc32.lib odbccp32.lib /MANIFEST /MANIFESTUAC:"level='asInvoker' uiAccess='false'" /manifest:embed /DEBUG /PDB:"D:\2 семестр\конструирование программного обеспечения\SE_lab10\x64\Debug\SE_lab10.pdb" /SUBSYSTEM:CONSOLE /TLBID:1 /DYNAMICBASE /NXCOMPAT /IMPLIB:"D:\2 семестр\конструирование программного обеспечения\SE_lab10\x64\Debug\SE_lab10.lib" /MACHINE:X64 x64\Debug\SE_lab10.obj
         SE_lab10.vcxproj -> D:\2 семестр\конструирование программного обеспечения\SE_lab10\x64\Debug\SE_lab10.exe
       FinalizeBuildStatus:
         Файл "x64\Debug\SE_lab10.tlog\unsuccessfulbuild" удаляется.
         Обращение к "x64\Debug\SE_lab10.tlog\SE_lab10.lastbuildstate".
     1>Сборка проекта "D:\2 семестр\конструирование программного обеспечения\SE_lab10\SE_lab10\SE_lab10.vcxproj" завершена (целевые объекты Build).

Сборка успешно завершена.

       "D:\2 семестр\конструирование программного обеспечения\SE_lab10\SE_lab10\SE_lab10.vcxproj" (целевой объект Build ) (1) ->
       (Целевой объект ClCompile) -> 
         D:\2 семестр\конструирование программного обеспечения\SE_lab10\SE_lab10\SE_lab10.cpp(7,1): warning C4326: возвращаемый тип "main" должен быть "int", а не "void"
         D:\2 семестр\конструирование программного обеспечения\SE_lab10\SE_lab10\SE_lab10.cpp(12,17): warning C4244: инициализация: преобразование "__int64" в "int", возможна потеря данных
         D:\2 семестр\конструирование программного обеспечения\SE_lab10\SE_lab10\SE_lab10.cpp(16,17): warning C4244: инициализация: преобразование "__int64" в "int", возможна потеря данных

    Предупреждений: 3
    Ошибок: 0

Прошло времени 00:00:01.24
